Performing C SOURCE FILE Test CMAKE_HAVE_LIBC_PTHREAD failed with the following output:
Change Dir: /home/mzy/Desktop/KdrobotCppLibs-master/build/CMakeFiles/CMakeTmp

Run Build Command(s):/usr/bin/make cmTC_acf60/fast && /usr/bin/make -f CMakeFiles/cmTC_acf60.dir/build.make CMakeFiles/cmTC_acf60.dir/build
make[1]: 进入目录“/home/mzy/Desktop/KdrobotCppLibs-master/build/CMakeFiles/CMakeTmp”
Building C object CMakeFiles/cmTC_acf60.dir/src.c.o
/usr/bin/gcc   -DCMAKE_HAVE_LIBC_PTHREAD   -o CMakeFiles/cmTC_acf60.dir/src.c.o   -c /home/mzy/Desktop/KdrobotCppLibs-master/build/CMakeFiles/CMakeTmp/src.c
Linking C executable cmTC_acf60
/usr/bin/cmake -E cmake_link_script CMakeFiles/cmTC_acf60.dir/link.txt --verbose=1
/usr/bin/gcc  -DCMAKE_HAVE_LIBC_PTHREAD    CMakeFiles/cmTC_acf60.dir/src.c.o  -o cmTC_acf60 
/usr/bin/ld: CMakeFiles/cmTC_acf60.dir/src.c.o: in function `main':
src.c:(.text+0x46): undefined reference to `pthread_create'
/usr/bin/ld: src.c:(.text+0x52): undefined reference to `pthread_detach'
/usr/bin/ld: src.c:(.text+0x63): undefined reference to `pthread_join'
collect2: error: ld returned 1 exit status
make[1]: *** [CMakeFiles/cmTC_acf60.dir/build.make:87：cmTC_acf60] 错误 1
make[1]: 离开目录“/home/mzy/Desktop/KdrobotCppLibs-master/build/CMakeFiles/CMakeTmp”
make: *** [Makefile:121：cmTC_acf60/fast] 错误 2


Source file was:
#include <pthread.h>

void* test_func(void* data)
{
  return data;
}

int main(void)
{
  pthread_t thread;
  pthread_create(&thread, NULL, test_func, NULL);
  pthread_detach(thread);
  pthread_join(thread, NULL);
  pthread_atfork(NULL, NULL, NULL);
  pthread_exit(NULL);

  return 0;
}

Determining if the function pthread_create exists in the pthreads failed with the following output:
Change Dir: /home/mzy/Desktop/KdrobotCppLibs-master/build/CMakeFiles/CMakeTmp

Run Build Command(s):/usr/bin/make cmTC_82abb/fast && /usr/bin/make -f CMakeFiles/cmTC_82abb.dir/build.make CMakeFiles/cmTC_82abb.dir/build
make[1]: 进入目录“/home/mzy/Desktop/KdrobotCppLibs-master/build/CMakeFiles/CMakeTmp”
Building C object CMakeFiles/cmTC_82abb.dir/CheckFunctionExists.c.o
/usr/bin/gcc   -DCHECK_FUNCTION_EXISTS=pthread_create   -o CMakeFiles/cmTC_82abb.dir/CheckFunctionExists.c.o   -c /usr/share/cmake-3.16/Modules/CheckFunctionExists.c
Linking C executable cmTC_82abb
/usr/bin/cmake -E cmake_link_script CMakeFiles/cmTC_82abb.dir/link.txt --verbose=1
/usr/bin/gcc  -DCHECK_FUNCTION_EXISTS=pthread_create    CMakeFiles/cmTC_82abb.dir/CheckFunctionExists.c.o  -o cmTC_82abb  -lpthreads 
/usr/bin/ld: 找不到 -lpthreads
collect2: error: ld returned 1 exit status
make[1]: *** [CMakeFiles/cmTC_82abb.dir/build.make:87：cmTC_82abb] 错误 1
make[1]: 离开目录“/home/mzy/Desktop/KdrobotCppLibs-master/build/CMakeFiles/CMakeTmp”
make: *** [Makefile:121：cmTC_82abb/fast] 错误 2



